This file contains any messages produced by compilers while
running configure, to aid debugging if configure makes a mistake.

It was created by clocky configure 0.1, which was
generated by GNU Autoconf 2.69.  Invocation command line was

  $ ./configure --no-create --no-recursion

## --------- ##
## Platform. ##
## --------- ##

hostname = ericchromebook
uname -m = x86_64
uname -r = 4.3.3-2-ARCH
uname -s = Linux
uname -v = #1 SMP PREEMPT Wed Dec 23 20:09:18 CET 2015

/usr/bin/uname -p = unknown
/bin/uname -X     = unknown

/bin/arch              = unknown
/usr/bin/arch -k       = unknown
/usr/convex/getsysinfo = unknown
/usr/bin/hostinfo      = unknown
/bin/machine           = unknown
/usr/bin/oslevel       = unknown
/bin/universe          = unknown

PATH: /usr/lib/hardening-wrapper/bin
PATH: /usr/local/sbin
PATH: /usr/local/bin
PATH: /usr/bin
PATH: /usr/lib/jvm/default/bin
PATH: /usr/bin/site_perl
PATH: /usr/bin/vendor_perl
PATH: /usr/bin/core_perl


## ----------- ##
## Core tests. ##
## ----------- ##

configure:1840: checking for gcc
configure:1856: found /usr/lib/hardening-wrapper/bin/gcc
configure:1867: result: gcc
configure:2096: checking for C compiler version
configure:2105: gcc --version >&5
gcc (GCC) 5.3.0
Copyright (C) 2015 Free Software Foundation, Inc.
This is free software; see the source for copying conditions.  There is NO
warranty; not even for MERCHANTABILITY or FITNESS FOR A PARTICULAR PURPOSE.

configure:2116: $? = 0
configure:2105: gcc -v >&5
Using built-in specs.
COLLECT_GCC=/usr/bin/gcc
COLLECT_LTO_WRAPPER=/usr/lib/gcc/x86_64-unknown-linux-gnu/5.3.0/lto-wrapper
Target: x86_64-unknown-linux-gnu
Configured with: /build/gcc-multilib/src/gcc-5.3.0/configure --prefix=/usr --libdir=/usr/lib --libexecdir=/usr/lib --mandir=/usr/share/man --infodir=/usr/share/info --with-bugurl=https://bugs.archlinux.org/ --enable-languages=c,c++,ada,fortran,go,lto,objc,obj-c++ --enable-shared --enable-threads=posix --enable-libmpx --with-system-zlib --with-isl --enable-__cxa_atexit --disable-libunwind-exceptions --enable-clocale=gnu --disable-libstdcxx-pch --disable-libssp --enable-gnu-unique-object --enable-linker-build-id --enable-lto --enable-plugin --enable-install-libiberty --with-linker-hash-style=gnu --enable-gnu-indirect-function --enable-multilib --disable-werror --enable-checking=release
Thread model: posix
gcc version 5.3.0 (GCC) 
configure:2116: $? = 0
configure:2105: gcc -V >&5
gcc: error: unrecognized command line option '-V'
gcc: fatal error: no input files
compilation terminated.
configure:2116: $? = 1
configure:2105: gcc -qversion >&5
gcc: error: unrecognized command line option '-qversion'
gcc: fatal error: no input files
compilation terminated.
configure:2116: $? = 1
configure:2136: checking whether the C compiler works
configure:2158: gcc    conftest.c  >&5
configure:2162: $? = 0
configure:2210: result: yes
configure:2213: checking for C compiler default output file name
configure:2215: result: a.out
configure:2221: checking for suffix of executables
configure:2228: gcc -o conftest    conftest.c  >&5
configure:2232: $? = 0
configure:2254: result: 
configure:2276: checking whether we are cross compiling
configure:2284: gcc -o conftest    conftest.c  >&5
configure:2288: $? = 0
configure:2295: ./conftest
configure:2299: $? = 0
configure:2314: result: no
configure:2319: checking for suffix of object files
configure:2341: gcc -c   conftest.c >&5
configure:2345: $? = 0
configure:2366: result: o
configure:2370: checking whether we are using the GNU C compiler
configure:2389: gcc -c   conftest.c >&5
configure:2389: $? = 0
configure:2398: result: yes
configure:2407: checking whether gcc accepts -g
configure:2427: gcc -c -g  conftest.c >&5
configure:2427: $? = 0
configure:2468: result: yes
configure:2485: checking for gcc option to accept ISO C89
configure:2548: gcc  -c -g -O2  conftest.c >&5
configure:2548: $? = 0
configure:2561: result: none needed
configure:2618: checking whether gcc understands -c and -o together
configure:2640: gcc -c conftest.c -o conftest2.o
configure:2643: $? = 0
configure:2640: gcc -c conftest.c -o conftest2.o
configure:2643: $? = 0
configure:2655: result: yes
configure:2689: checking for a BSD-compatible install
configure:2757: result: /usr/bin/install -c
configure:2768: checking whether build environment is sane
configure:2823: result: yes
configure:2971: checking for a thread-safe mkdir -p
configure:3010: result: /usr/bin/mkdir -p
configure:3017: checking for gawk
configure:3033: found /usr/bin/gawk
configure:3044: result: gawk
configure:3055: checking whether make sets $(MAKE)
configure:3077: result: yes
configure:3107: checking for style of include used by make
configure:3135: result: GNU
configure:3169: checking whether make supports nested variables
configure:3186: result: yes
configure:3271: checking dependency style of gcc
configure:3382: result: gcc3
configure:3594: checking that generated files are newer than configure
configure:3600: result: done
configure:3623: creating ./config.status

## ---------------- ##
## Cache variables. ##
## ---------------- ##

ac_cv_c_compiler_gnu=yes
ac_cv_env_CC_set=
ac_cv_env_CC_value=
ac_cv_env_CFLAGS_set=
ac_cv_env_CFLAGS_value=
ac_cv_env_CPPFLAGS_set=
ac_cv_env_CPPFLAGS_value=
ac_cv_env_LDFLAGS_set=
ac_cv_env_LDFLAGS_value=
ac_cv_env_LIBS_set=
ac_cv_env_LIBS_value=
ac_cv_env_build_alias_set=
ac_cv_env_build_alias_value=
ac_cv_env_host_alias_set=
ac_cv_env_host_alias_value=
ac_cv_env_target_alias_set=
ac_cv_env_target_alias_value=
ac_cv_objext=o
ac_cv_path_install='/usr/bin/install -c'
ac_cv_path_mkdir=/usr/bin/mkdir
ac_cv_prog_AWK=gawk
ac_cv_prog_ac_ct_CC=gcc
ac_cv_prog_cc_c89=
ac_cv_prog_cc_g=yes
ac_cv_prog_make_make_set=yes
am_cv_CC_dependencies_compiler_type=gcc3
am_cv_make_support_nested_variables=yes
am_cv_prog_cc_c_o=yes

## ----------------- ##
## Output variables. ##
## ----------------- ##

ACLOCAL='${SHELL} /home/eric/deskclocky/missing aclocal-1.15'
AMDEPBACKSLASH='\'
AMDEP_FALSE='#'
AMDEP_TRUE=''
AMTAR='$${TAR-tar}'
AM_BACKSLASH='\'
AM_DEFAULT_V='$(AM_DEFAULT_VERBOSITY)'
AM_DEFAULT_VERBOSITY='1'
AM_V='$(V)'
AUTOCONF='${SHELL} /home/eric/deskclocky/missing autoconf'
AUTOHEADER='${SHELL} /home/eric/deskclocky/missing autoheader'
AUTOMAKE='${SHELL} /home/eric/deskclocky/missing automake-1.15'
AWK='gawk'
CC='gcc'
CCDEPMODE='depmode=gcc3'
CFLAGS='-g -O2'
CPPFLAGS=''
CYGPATH_W='echo'
DEFS='-DPACKAGE_NAME=\"clocky\" -DPACKAGE_TARNAME=\"clocky\" -DPACKAGE_VERSION=\"0.1\" -DPACKAGE_STRING=\"clocky\ 0.1\" -DPACKAGE_BUGREPORT=\"ericdwertz@gmail.com\" -DPACKAGE_URL=\"\" -DPACKAGE=\"clocky\" -DVERSION=\"0.1\"'
DEPDIR='.deps'
ECHO_C=''
ECHO_N='-n'
ECHO_T=''
EXEEXT=''
INSTALL_DATA='${INSTALL} -m 644'
INSTALL_PROGRAM='${INSTALL}'
INSTALL_SCRIPT='${INSTALL}'
INSTALL_STRIP_PROGRAM='$(install_sh) -c -s'
LDFLAGS=''
LIBOBJS=''
LIBS=''
LTLIBOBJS=''
MAKEINFO='${SHELL} /home/eric/deskclocky/missing makeinfo'
MKDIR_P='/usr/bin/mkdir -p'
OBJEXT='o'
PACKAGE='clocky'
PACKAGE_BUGREPORT='ericdwertz@gmail.com'
PACKAGE_NAME='clocky'
PACKAGE_STRING='clocky 0.1'
PACKAGE_TARNAME='clocky'
PACKAGE_URL=''
PACKAGE_VERSION='0.1'
PATH_SEPARATOR=':'
SET_MAKE=''
SHELL='/bin/sh'
STRIP=''
VERSION='0.1'
ac_ct_CC='gcc'
am__EXEEXT_FALSE=''
am__EXEEXT_TRUE='#'
am__fastdepCC_FALSE='#'
am__fastdepCC_TRUE=''
am__include='include'
am__isrc=''
am__leading_dot='.'
am__nodep='_no'
am__quote=''
am__tar='$${TAR-tar} chof - "$$tardir"'
am__untar='$${TAR-tar} xf -'
bindir='${exec_prefix}/bin'
build_alias=''
datadir='${datarootdir}'
datarootdir='${prefix}/share'
docdir='${datarootdir}/doc/${PACKAGE_TARNAME}'
dvidir='${docdir}'
exec_prefix='${prefix}'
host_alias=''
htmldir='${docdir}'
includedir='${prefix}/include'
infodir='${datarootdir}/info'
install_sh='${SHELL} /home/eric/deskclocky/install-sh'
libdir='${exec_prefix}/lib'
libexecdir='${exec_prefix}/libexec'
localedir='${datarootdir}/locale'
localstatedir='${prefix}/var'
mandir='${datarootdir}/man'
mkdir_p='$(MKDIR_P)'
oldincludedir='/usr/include'
pdfdir='${docdir}'
prefix='/usr/local'
program_transform_name='s,x,x,'
psdir='${docdir}'
sbindir='${exec_prefix}/sbin'
sharedstatedir='${prefix}/com'
sysconfdir='${prefix}/etc'
target_alias=''

## ----------- ##
## confdefs.h. ##
## ----------- ##

/* confdefs.h */
#define PACKAGE_NAME "clocky"
#define PACKAGE_TARNAME "clocky"
#define PACKAGE_VERSION "0.1"
#define PACKAGE_STRING "clocky 0.1"
#define PACKAGE_BUGREPORT "ericdwertz@gmail.com"
#define PACKAGE_URL ""
#define PACKAGE "clocky"
#define VERSION "0.1"

configure: exit 0

## ---------------------- ##
## Running config.status. ##
## ---------------------- ##

This file was extended by clocky config.status 0.1, which was
generated by GNU Autoconf 2.69.  Invocation command line was

  CONFIG_FILES    = 
  CONFIG_HEADERS  = 
  CONFIG_LINKS    = 
  CONFIG_COMMANDS = 
  $ ./config.status 

on ericchromebook

config.status:772: creating Makefile
config.status:944: executing depfiles commands
